The path is the line segments connecting the following points: 
-2.5 -2.5 -2.5    1    0    0    0
-2.625 -2.625 -2.625      1      0      0      0
-2.375 -2.625 -2.625      1      0      0      0
-2.375 -2.625 -2.875      1      0      0      0
-2.125 -2.625 -2.875      1      0      0      0
-1.875 -2.625 -2.875      1      0      0      0
-1.75 -2.75 -3.25     1     0     0     0
-1.75 -2.25 -3.25     1     0     0     0
-1.25 -2.25 -3.25     1     0     0     0
-0.75 -2.25 -3.25     1     0     0     0
-0.75 -1.75 -3.25     1     0     0     0
-0.75 -1.25 -3.25     1     0     0     0
-0.75 -0.75 -3.25     1     0     0     0
-0.875 -0.625 -2.875      1      0      0      0
-0.75 -0.25 -2.75     1     0     0     0
-0.25 -0.25 -2.75     1     0     0     0
 0.25 -0.25 -2.75     1     0     0     0
 0.375 -0.375 -2.375      1      0      0      0
 0.4375 -0.4375 -2.1875       1       0       0       0
 0.4375 -0.4375 -2.0625    -0.5       1     0.5    -0.5
 0.4375 -0.4375 -1.9375    -0.5       1     0.5    -0.5
 0.4375 -0.4375 -1.8125    -0.5       1     0.5    -0.5
 0.3125 -0.4375 -1.8125    -0.5       1     0.5    -0.5
 0.3125 -0.4375 -1.8125       1   -0.75   -0.25    0.75
 0.3125 -0.4375 -1.6875       1   -0.75   -0.25    0.75
 0.3125 -0.4375 -1.6875       1  -0.375  -0.375   0.625
 0.3125 -0.4375 -1.6875       1  -0.125  -0.375   0.625
 0.3125 -0.4375 -1.6875       1   0.125  -0.375   0.625
 0.3125 -0.4375 -1.6875       1   0.125  -0.625   0.625
 0.3125 -0.4375 -1.6875       1   0.375  -0.625   0.625
 0.3125 -0.4375 -1.6875       1  0.5625 -0.5625  0.5625
 0.3125 -0.3125 -1.6875       1   0.625  -0.625   0.625
 0.3125 -0.3125 -1.5625       1   0.625  -0.625   0.625
 0.3125 -0.1875 -1.5625       1   0.625  -0.625   0.625
 0.3125 -0.1875 -1.4375       1   0.625  -0.625   0.625
 0.3125 -0.1875 -1.3125       1   0.625  -0.625   0.625
 0.3125 -0.1875 -1.3125       1   0.875  -0.625   0.625
 0.3125 -0.0625 -1.3125       1   0.875  -0.625   0.625
 0.3125 -0.0625 -1.3125       1  0.8125 -0.4375  0.5625
 0.3125 -0.0625 -1.3125       1   0.875  -0.375   0.375
 0.3125 -0.0625 -1.1875       1   0.875  -0.375   0.375
 0.3125 -0.0625 -1.0625       1   0.875  -0.375   0.375
 0.3125 -0.0625 -0.9375       1   0.875  -0.375   0.375
 0.3125 -0.0625 -0.8125       1   0.875  -0.375   0.375
 0.3125 -0.0625 -0.6875       1   0.875  -0.375   0.375
 0.3125 -0.0625 -0.5625       1   0.875  -0.375   0.375
 0.3125 -0.0625 -0.4375       1   0.875  -0.375   0.375
 0.3125 -0.0625 -0.3125       1   0.875  -0.375   0.375
 0.3125 -0.0625 -0.1875       1   0.875  -0.375   0.375
 0.3125 -0.0625 -0.0625       1   0.875  -0.375   0.375
 0.3125 -0.0625  0.0625       1   0.875  -0.375   0.375
 0.3125 -0.0625  0.1875       1   0.875  -0.375   0.375
 0.3125 -0.0625  0.1875       1  0.9375 -0.5625  0.4375
 0.3125 -0.0625  0.3125       1  0.9375 -0.5625  0.4375
 0.3125 -0.0625  0.4375       1  0.9375 -0.5625  0.4375
 0.4375 -0.0625  0.4375       1  0.9375 -0.5625  0.4375
 0.4375 -0.0625  0.4375       1   0.875  -0.625   0.625
 0.4375 -0.0625  0.5625       1   0.875  -0.625   0.625
 0.4375 -0.0625  0.6875       1   0.875  -0.625   0.625
 0.4375 -0.0625  0.8125       1   0.875  -0.625   0.625
 0.4375 -0.0625  0.9375       1   0.875  -0.625   0.625
 0.4375 -0.1875  0.9375       1   0.875  -0.625   0.625
 0.4375 -0.1875  0.9375       1   0.875  -0.375   0.625
 0.4375 -0.1875  0.9375       1   0.875  -0.375   0.875
 0.4375 -0.1875  0.9375       1   0.875  -0.125   0.875
 0.4375 -0.1875  0.9375       1   0.875   0.125   0.875
 0.4375 -0.0625  0.9375       1   0.875   0.125   0.875
 0.4375 -0.0625  1.0625       1   0.875   0.125   0.875
 0.4375 -0.0625  1.1875       1   0.875   0.125   0.875
 0.3125 -0.0625  1.1875       1   0.875   0.125   0.875
 0.3125 -0.0625  1.1875       1    0.75   -0.25    0.75
 0.3125 -0.0625  1.3125       1    0.75   -0.25    0.75
 0.3125 -0.0625  1.4375       1    0.75   -0.25    0.75
 0.3125 -0.0625  1.4375       1    0.75   -0.25    0.25
 0.3125 -0.0625  1.4375       1   0.875  -0.375  -0.125
 0.3125 -0.0625  1.4375       1    0.75   -0.75   -0.25
 0.3125 -0.0625  1.5625       1    0.75   -0.75   -0.25
 0.3125 -0.0625  1.6875       1    0.75   -0.75   -0.25
 0.1875 -0.0625  1.6875       1    0.75   -0.75   -0.25
 0.1875 -0.0625  1.8125       1    0.75   -0.75   -0.25
 0.1875 -0.0625  1.9375       1     0.5    -0.5    -0.5
 0.1875 -0.0625  2.0625       1       0       0       0
 0.1875 -0.0625  2.1875       1       0       0       0
 0.125 -0.125  2.375      1      0      0      0
 0.25 -0.25  2.75     1     0     0     0
 0.75 -0.25  2.75     1     0     0     0
 1.25 -0.25  2.75     1     0     0     0
1.25 0.25 2.75    1    0    0    0
1.75 0.25 2.75    1    0    0    0
1.75 0.25 3.25    1    0    0    0
1.75 0.75 3.25    1    0    0    0
1.75 1.25 3.25    1    0    0    0
1.75 1.75 3.25    1    0    0    0
1.875 1.875 2.875     1     0     0     0
1.875 1.875 2.625     1     0     0     0
1.9375 1.9375 2.4375      1      0      0      0
2.0625 1.9375 2.4375      1      0      0      0
2.1875 1.9375 2.4375      1      0      0      0
2.3125 1.9375 2.4375      1      0      0      0
2.4375 1.9375 2.4375      1      0      0      0
2.5625 1.9375 2.4375      1      0      0      0
2.5625 2.0625 2.4375      1      0      0      0
2.5625 2.1875 2.4375      1      0      0      0
2.5625 2.3125 2.4375      1      0      0      0
2.4375 2.3125 2.4375      1      0      0      0
2.4375 2.4375 2.4375      1      0      0      0
2.5 2.5 2.5   1   0   0   0

Find path total time: 35.8572s.
