The path is the line segments connecting the following points: 
-2.5 -2.5 -2.5    1    0    0    0
-2.625 -2.625 -2.625      1      0      0      0
-2.625 -2.625 -2.875      1      0      0      0
-2.625 -2.375 -2.875      1      0      0      0
-2.625 -2.125 -2.875      1      0      0      0
-2.625 -1.875 -2.875      1      0      0      0
-2.75 -1.75 -3.25     1     0     0     0
-3.25 -1.75 -3.25     1     0     0     0
-3.25 -1.25 -3.25     1     0     0     0
-3.125 -1.125 -2.875      1      0      0      0
-3.125 -0.875 -2.875      1      0      0      0
-3.125 -0.625 -2.875      1      0      0      0
-3.25 -0.25 -2.75     1     0     0     0
-3.25  0.25 -2.75     1     0     0     0
-3.75  0.25 -2.75     1     0     0     0
-3.875  0.125 -2.375      1      0      0      0
-3.8125  0.0625 -2.1875       1       0       0       0
-3.78125  0.03125 -2.09375        1        0        0        0
-3.78125  0.03125 -2.03125        1        0        0        0
-3.78125  0.03125 -1.96875        0        0        0        1
-3.78125  0.03125 -1.90625  -0.1875   0.5625   0.8125        1
-3.78125  0.03125 -1.84375  -0.1875   0.5625   0.8125        1
-3.78125  0.03125 -1.78125  -0.1875   0.5625   0.8125        1
-3.78125  0.03125 -1.71875 -0.15625  0.53125  0.78125        1
-3.78125  0.03125 -1.65625 -0.15625  0.53125  0.78125        1
-3.78125  0.03125 -1.59375 -0.15625  0.53125  0.78125        1
-3.78125  0.03125 -1.53125 -0.15625  0.53125  0.78125        1
-3.78125  0.03125 -1.46875 -0.15625  0.53125  0.78125        1
-3.78125  0.03125 -1.40625 -0.15625  0.53125  0.78125        1
-3.78125  0.03125 -1.34375 -0.15625  0.53125  0.78125        1
-3.78125  0.03125 -1.28125 -0.15625  0.53125  0.78125        1
-3.78125  0.03125 -1.21875 -0.15625  0.53125  0.78125        1
-3.78125  0.03125 -1.15625 -0.15625  0.53125  0.78125        1
-3.78125  0.03125 -1.09375 -0.15625  0.53125  0.78125        1
-3.78125  0.03125 -1.03125 -0.15625  0.53125  0.78125        1
-3.78125  0.03125 -0.96875 -0.15625  0.53125  0.78125        1
-3.78125  0.03125 -0.90625 -0.15625  0.53125  0.78125        1
-3.78125  0.03125 -0.84375 -0.15625  0.53125  0.78125        1
-3.78125  0.03125 -0.78125 -0.15625  0.53125  0.78125        1
-3.78125  0.03125 -0.71875 -0.15625  0.53125  0.78125        1
-3.78125  0.03125 -0.65625 -0.15625  0.53125  0.78125        1
-3.78125  0.03125 -0.59375 -0.15625  0.53125  0.78125        1
-3.78125  0.03125 -0.53125 -0.15625  0.53125  0.78125        1
-3.78125  0.03125 -0.46875 -0.15625  0.53125  0.78125        1
-3.78125  0.03125 -0.40625 -0.15625  0.53125  0.78125        1
-3.78125  0.03125 -0.34375 -0.15625  0.53125  0.78125        1
-3.78125  0.03125 -0.28125 -0.15625  0.53125  0.78125        1
-3.78125  0.03125 -0.21875 -0.15625  0.53125  0.78125        1
-3.78125  0.03125 -0.15625 -0.15625  0.53125  0.78125        1
-3.78125  0.03125 -0.09375 -0.15625  0.53125  0.78125        1
-3.78125  0.03125 -0.03125 -0.15625  0.53125  0.78125        1
-3.78125  0.03125  0.03125 -0.15625  0.53125  0.78125        1
-3.78125  0.03125  0.09375 -0.15625  0.53125  0.78125        1
-3.78125  0.03125  0.15625 -0.15625  0.53125  0.78125        1
-3.78125  0.03125  0.21875 -0.15625  0.53125  0.78125        1
-3.78125  0.03125  0.28125 -0.15625  0.53125  0.78125        1
-3.78125  0.03125  0.34375  -0.1875   0.5625   0.8125        1
-3.78125  0.03125  0.40625  -0.1875   0.5625   0.8125        1
-3.78125  0.03125  0.40625 -0.15625  0.65625  0.78125        1
-3.78125  0.03125  0.40625 -0.09375  0.65625  0.78125        1
-3.78125  0.03125  0.46875 -0.09375  0.65625  0.78125        1
-3.78125  0.03125  0.46875 -0.09375  0.65625  0.71875        1
-3.78125  0.03125  0.46875 -0.03125  0.65625  0.71875        1
-3.78125  0.03125  0.46875 -0.03125  0.65625  0.65625        1
-3.78125  0.03125  0.46875  0.03125  0.65625  0.65625        1
-3.78125  0.03125  0.53125  0.03125  0.65625  0.65625        1
-3.78125  0.03125  0.53125  0.03125  0.71875  0.65625        1
-3.78125  0.03125  0.53125  0.03125  0.78125  0.65625        1
-3.78125  0.03125  0.59375   0.0625   0.8125   0.6875        1
-3.78125  0.03125  0.59375  0.09375  0.84375  0.59375        1
-3.78125  0.03125  0.59375  0.15625  0.84375  0.59375        1
-3.78125  0.03125  0.59375  0.15625  0.90625  0.59375        1
-3.78125  0.03125  0.59375  0.21875  0.90625  0.59375        1
-3.78125  0.03125  0.59375  0.21875  0.90625  0.53125        1
-3.78125  0.03125  0.59375  0.21875  0.96875  0.53125        1
-3.78125  0.03125  0.59375  0.28125  0.96875  0.53125        1
-3.78125  0.03125  0.59375  0.28125  0.96875  0.46875        1
-3.78125  0.03125  0.59375  0.34375  0.96875  0.46875        1
-3.78125  0.03125  0.59375  0.34375  0.96875  0.40625        1
-3.78125  0.03125  0.59375  0.40625  0.96875  0.40625        1
-3.78125  0.03125  0.59375  0.40625  0.96875  0.34375        1
-3.78125  0.03125  0.59375  0.46875  0.96875  0.34375        1
-3.78125  0.03125  0.59375  0.46875  0.96875  0.28125        1
-3.78125  0.03125  0.59375  0.53125  0.96875  0.28125        1
-3.78125  0.03125  0.59375  0.53125  0.96875  0.21875        1
-3.78125  0.03125  0.65625   0.5625   0.9375   0.1875        1
-3.78125  0.03125  0.71875   0.5625   0.9375   0.1875        1
-3.78125  0.03125  0.78125    0.625    0.875    0.125        1
-3.78125  0.03125  0.84375    0.625    0.875    0.125        1
-3.78125  0.03125  0.90625    0.625    0.875    0.125        1
-3.78125  0.03125  0.96875    0.625    0.875    0.125        1
-3.78125  0.03125  1.03125    0.625    0.875    0.125        1
-3.78125  0.03125  1.09375    0.625    0.875    0.125        1
-3.78125  0.03125  1.15625     0.75     0.75     0.25        1
-3.78125  0.03125  1.21875     0.75     0.75     0.25        1
-3.78125  0.03125  1.28125     0.75     0.75     0.25        1
-3.78125  0.03125  1.34375     0.75     0.75     0.25        1
-3.78125  0.03125  1.40625     0.75     0.75     0.25        1
-3.78125  0.03125  1.46875     0.75     0.75     0.25        1
-3.78125  0.03125  1.53125     0.75     0.75     0.25        1
-3.71875  0.03125  1.53125     0.75     0.75     0.25        1
-3.71875  0.03125  1.53125     0.75     0.75    -0.25        1
-3.71875  0.03125  1.53125        1     0.75    -0.25     0.75
-3.71875  0.03125  1.53125        1    0.375   -0.375    0.625
-3.71875  0.03125  1.53125        1     0.25    -0.25     0.25
-3.71875  0.03125  1.53125        1     0.25    -0.25    -0.25
-3.65625  0.03125  1.53125        1     0.25    -0.25    -0.25
-3.65625  0.03125  1.59375        1     0.25    -0.25    -0.25
-3.65625  0.03125  1.65625        1     0.25    -0.25    -0.25
-3.59375  0.03125  1.65625        1     0.25    -0.25    -0.25
-3.59375  0.03125  1.71875        1     0.25    -0.25    -0.25
-3.59375  0.03125  1.78125        1     0.25    -0.25    -0.25
-3.59375  0.03125  1.84375        1      0.5     -0.5     -0.5
-3.59375  0.03125  1.90625        1      0.5     -0.5     -0.5
-3.59375  0.03125  1.96875        1        0        0        0
-3.59375  0.03125  2.03125        1        0        0        0
-3.59375  0.03125  2.09375        1        0        0        0
-3.5625  0.0625  2.1875       1       0       0       0
-3.625  0.125  2.375      1      0      0      0
-3.75  0.25  2.75     1     0     0     0
-3.25  0.25  2.75     1     0     0     0
-2.75  0.25  2.75     1     0     0     0
-2.625  0.625  2.625      1      0      0      0
-2.625  0.875  2.625      1      0      0      0
-2.625  1.125  2.625      1      0      0      0
-2.625  1.375  2.625      1      0      0      0
-2.625  1.625  2.625      1      0      0      0
-2.625  1.875  2.625      1      0      0      0
-2.375  1.875  2.625      1      0      0      0
-2.125  1.875  2.625      1      0      0      0
-2.0625  1.9375  2.4375       1       0       0       0
-2.0625  2.0625  2.4375       1       0       0       0
-2.0625  2.1875  2.4375       1       0       0       0
-2.0625  2.3125  2.4375       1       0       0       0
-2.0625  2.4375  2.4375       1       0       0       0
-2.0625  2.5625  2.4375       1       0       0       0
-1.9375  2.5625  2.4375       1       0       0       0
-1.8125  2.5625  2.4375       1       0       0       0
-1.6875  2.5625  2.4375       1       0       0       0
-1.5625  2.5625  2.4375       1       0       0       0
-1.4375  2.5625  2.4375       1       0       0       0
-1.3125  2.5625  2.4375       1       0       0       0
-1.1875  2.5625  2.4375       1       0       0       0
-1.0625  2.5625  2.4375       1       0       0       0
-0.9375  2.5625  2.4375       1       0       0       0
-0.8125  2.5625  2.4375       1       0       0       0
-0.6875  2.5625  2.4375       1       0       0       0
-0.5625  2.5625  2.4375       1       0       0       0
-0.4375  2.5625  2.4375       1       0       0       0
-0.3125  2.5625  2.4375       1       0       0       0
-0.1875  2.5625  2.4375       1       0       0       0
-0.0625  2.5625  2.4375       1       0       0       0
0.0625 2.5625 2.4375      1      0      0      0
0.1875 2.5625 2.4375      1      0      0      0
0.3125 2.5625 2.4375      1      0      0      0
0.4375 2.5625 2.4375      1      0      0      0
0.5625 2.5625 2.4375      1      0      0      0
0.6875 2.5625 2.4375      1      0      0      0
0.8125 2.5625 2.4375      1      0      0      0
0.9375 2.5625 2.4375      1      0      0      0
1.0625 2.5625 2.4375      1      0      0      0
1.1875 2.5625 2.4375      1      0      0      0
1.3125 2.5625 2.4375      1      0      0      0
1.4375 2.5625 2.4375      1      0      0      0
1.5625 2.5625 2.4375      1      0      0      0
1.6875 2.5625 2.4375      1      0      0      0
1.8125 2.5625 2.4375      1      0      0      0
1.9375 2.5625 2.4375      1      0      0      0
2.0625 2.5625 2.4375      1      0      0      0
2.1875 2.5625 2.4375      1      0      0      0
2.3125 2.5625 2.4375      1      0      0      0
2.3125 2.4375 2.4375      1      0      0      0
2.4375 2.4375 2.4375      1      0      0      0
2.5 2.5 2.5   1   0   0   0

Find path total time: 87.4742s.
