The path is the line segments connecting the following points: 
-2.5 -2.5 -2.5    1    0    0    0
-3 -3 -3  1  0  0  0
-3 -1 -3  1  0  0  0
-3  1 -3  1  0  0  0
-3  3 -3  1  0  0  0
-3.5  2.5 -1.5    1    0    0    0
-3.75  2.75 -0.75     1     0     0     0
-3.75  2.75 -0.25     1     0     0     0
-3.875  2.625  0.125      1      0      0      0
-3.8125  2.5625  0.3125       1       0       0       0
-3.8125  2.5625  0.4375       1       0       0       0
-3.8125  2.5625  0.5625       1    -0.5     0.5     0.5
-3.8125  2.5625  0.6875       1   -0.75    0.25    0.75
-3.8125  2.5625  0.8125       1   -0.75    0.25    0.75
-3.8125  2.5625  0.9375       1   -0.75    0.25    0.75
-3.8125  2.5625  1.0625       1   -0.75    0.25    0.75
-3.8125  2.5625  1.1875       1   -0.75    0.25    0.75
-3.8125  2.5625  1.3125       1   -0.75    0.25    0.75
-3.9375  2.5625  1.3125       1   -0.75    0.25    0.75
-3.9375  2.5625  1.4375       1  -0.875   0.375   0.875
-3.9375  2.5625  1.5625       1  -0.875   0.375   0.875
-4.0625  2.5625  1.5625       1  -0.875   0.375   0.875
-4.0625  2.5625  1.6875       1  -0.875   0.375   0.875
-4.0625  2.5625  1.8125       1  -0.875   0.375   0.875
-4.0625  2.5625  1.9375       1 -0.8125  0.4375  0.8125
-4.0625  2.5625  1.9375       1  -0.875   0.625   0.875
-4.0625  2.5625  1.9375   0.875  -0.875   0.625       1
-4.0625  2.5625  1.9375   0.875  -0.875   0.875       1
-4.0625  2.5625  1.9375   0.625  -0.875   0.875       1
-4.0625  2.5625  1.9375   0.625  -0.625   0.875       1
-4.0625  2.5625  1.9375  0.4375 -0.5625  0.9375       1
-4.0625  2.5625  1.9375   0.375  -0.375   0.875       1
-4.0625  2.5625  1.9375  0.1875 -0.3125  0.9375       1
-4.0625  2.5625  1.9375  0.1875 -0.1875  0.9375       1
-4.0625  2.5625  1.9375  0.1875 -0.0625  0.9375       1
-4.0625  2.5625  1.9375  0.0625 -0.0625  0.9375       1
-4.0625  2.5625  1.9375 -0.0625 -0.0625  0.9375       1
-4.0625  2.5625  1.9375  -0.125   0.125   0.875       1
-4.0625  2.5625  1.9375 -0.3125  0.1875  0.8125       1
-4.0625  2.5625  1.9375  -0.375   0.375   0.875       1
-4.0625  2.5625  1.9375 -0.3125  0.5625  0.9375       1
-4.0625  2.5625  2.0625 -0.3125  0.5625  0.9375       1
-4.0625  2.5625  2.1875  -0.375   0.625   0.875       1
-4.0625  2.5625  2.1875 -0.1875  0.6875  0.8125       1
-4.0625  2.5625  2.1875 -0.0625  0.6875  0.8125       1
-4.0625  2.5625  2.1875 -0.0625  0.6875  0.6875       1
-4.0625  2.5625  2.1875  0.0625  0.6875  0.6875       1
-4.0625  2.5625  2.1875  0.0625  0.8125  0.6875       1
-4.0625  2.5625  2.1875  0.0625  0.8125  0.5625       1
-4.0625  2.5625  2.1875  0.1875  0.8125  0.5625       1
-4.0625  2.5625  2.1875  0.1875  0.8125  0.4375       1
-4.0625  2.5625  2.1875  0.3125  0.8125  0.4375       1
-4.0625  2.5625  2.3125   0.375   0.875   0.375       1
-4.0625  2.5625  2.3125  0.5625  0.8125  0.3125       1
-4.0625  2.5625  2.4375   0.625   0.875   0.375       1
-4.0625  2.5625  2.5625   0.625   0.875   0.375       1
-4.0625  2.5625  2.6875    0.75    0.75    0.25       1
-4.0625  2.5625  2.8125    0.75    0.75    0.25       1
-4.0625  2.5625  2.9375    0.75    0.75    0.25       1
-4.0625  2.5625  3.0625    0.75    0.75    0.25       1
-4.0625  2.4375  3.0625    0.75    0.75    0.25       1
-4.0625  2.3125  3.0625    0.75    0.75    0.25       1
-4.0625  2.3125  3.0625    0.75    0.75   -0.25       1
-4.0625  2.1875  3.0625    0.75    0.75   -0.25       1
-4.0625  2.0625  3.0625    0.75    0.75   -0.25       1
-4.0625  2.0625  3.0625       1    0.75   -0.25    0.75
-4.0625  2.0625  3.0625       1    0.75   -0.25    0.25
-4.0625  2.0625  3.0625       1   0.625  -0.375  -0.125
-4.0625  2.0625  3.1875       1    0.75   -0.25   -0.25
-4.0625  2.0625  3.3125       1    0.75   -0.25   -0.25
-4.0625  2.0625  3.4375       1     0.5    -0.5    -0.5
-4.0625  2.0625  3.5625       1     0.5    -0.5    -0.5
-4.0625  2.0625  3.6875       1       0       0       0
-4.125  2.125  3.875      1      0      0      0
-4.25  2.25  4.25     1     0     0     0
-3.75  2.25  4.25     1     0     0     0
-3.75  2.25  4.75     1     0     0     0
-3.5  2.5  5.5    1    0    0    0
-3  3  7  1  0  0  0
-1  3  7  1  0  0  0
1 3 7 1 0 0 0
3 3 7 1 0 0 0
5 3 7 1 0 0 0
5 5 7 1 0 0 0
7 5 7 1 0 0 0
7 7 7 1 0 0 0
7 7 7 1 0 0 0

Find path total time: 212.967s.
